[debug] [2024-09-26T22:11:52.525Z] ----------------------------------------------------------------------
[debug] [2024-09-26T22:11:52.530Z] Command:       /usr/local/bin/node /usr/local/bin/firebase deploy
[debug] [2024-09-26T22:11:52.530Z] CLI Version:   13.15.1
[debug] [2024-09-26T22:11:52.530Z] Platform:      darwin
[debug] [2024-09-26T22:11:52.530Z] Node Version:  v20.14.0
[debug] [2024-09-26T22:11:52.531Z] Time:          Thu Sep 26 2024 18:11:52 GMT-0400 (Eastern Daylight Time)
[debug] [2024-09-26T22:11:52.531Z] ----------------------------------------------------------------------
[debug] 
[debug] [2024-09-26T22:11:52.532Z] >>> [apiv2][query] GET https://firebase-public.firebaseio.com/cli.json [none]
[debug] [2024-09-26T22:11:52.589Z] > command requires scopes: ["email","openid","https://www.googleapis.com/auth/cloudplatformprojects.readonly","https://www.googleapis.com/auth/firebase","https://www.googleapis.com/auth/cloud-platform"]
[debug] [2024-09-26T22:11:52.589Z] > authorizing via signed-in user (erickfprogrammer@gmail.com)
[debug] [2024-09-26T22:11:52.589Z] [iam] checking project portfolio-nextjs-f71e3 for permissions ["firebase.projects.get","firebasehosting.sites.update"]
[debug] [2024-09-26T22:11:52.590Z] > refreshing access token with scopes: []
[debug] [2024-09-26T22:11:52.590Z] >>> [apiv2][query] POST https://www.googleapis.com/oauth2/v3/token [none]
[debug] [2024-09-26T22:11:52.590Z] >>> [apiv2][body] POST https://www.googleapis.com/oauth2/v3/token [omitted]
[debug] [2024-09-26T22:11:52.793Z] <<< [apiv2][status] GET https://firebase-public.firebaseio.com/cli.json 200
[debug] [2024-09-26T22:11:52.794Z] <<< [apiv2][body] GET https://firebase-public.firebaseio.com/cli.json {"cloudBuildErrorAfter":1594252800000,"cloudBuildWarnAfter":1590019200000,"defaultNode10After":1594252800000,"minVersion":"3.0.5","node8DeploysDisabledAfter":1613390400000,"node8RuntimeDisabledAfter":1615809600000,"node8WarnAfter":1600128000000}
[debug] [2024-09-26T22:11:52.809Z] <<< [apiv2][status] POST https://www.googleapis.com/oauth2/v3/token 200
[debug] [2024-09-26T22:11:52.809Z] <<< [apiv2][body] POST https://www.googleapis.com/oauth2/v3/token [omitted]
[debug] [2024-09-26T22:11:52.818Z] >>> [apiv2][query] POST https://cloudresourcemanager.googleapis.com/v1/projects/portfolio-nextjs-f71e3:testIamPermissions [none]
[debug] [2024-09-26T22:11:52.818Z] >>> [apiv2][(partial)header] POST https://cloudresourcemanager.googleapis.com/v1/projects/portfolio-nextjs-f71e3:testIamPermissions x-goog-quota-user=projects/portfolio-nextjs-f71e3
[debug] [2024-09-26T22:11:52.818Z] >>> [apiv2][body] POST https://cloudresourcemanager.googleapis.com/v1/projects/portfolio-nextjs-f71e3:testIamPermissions {"permissions":["firebase.projects.get","firebasehosting.sites.update"]}
[debug] [2024-09-26T22:11:53.005Z] <<< [apiv2][status] POST https://cloudresourcemanager.googleapis.com/v1/projects/portfolio-nextjs-f71e3:testIamPermissions 200
[debug] [2024-09-26T22:11:53.005Z] <<< [apiv2][body] POST https://cloudresourcemanager.googleapis.com/v1/projects/portfolio-nextjs-f71e3:testIamPermissions {"permissions":["firebase.projects.get","firebasehosting.sites.update"]}
[debug] [2024-09-26T22:11:53.006Z] >>> [apiv2][query] GET https://firebase.googleapis.com/v1beta1/projects/portfolio-nextjs-f71e3 [none]
[debug] [2024-09-26T22:11:53.383Z] <<< [apiv2][status] GET https://firebase.googleapis.com/v1beta1/projects/portfolio-nextjs-f71e3 200
[debug] [2024-09-26T22:11:53.384Z] <<< [apiv2][body] GET https://firebase.googleapis.com/v1beta1/projects/portfolio-nextjs-f71e3 {"projectId":"portfolio-nextjs-f71e3","projectNumber":"166201439981","displayName":"portfolio-nextjs","name":"projects/portfolio-nextjs-f71e3","resources":{"hostingSite":"portfolio-nextjs-f71e3"},"state":"ACTIVE","etag":"1_dd46ac93-a8d4-48d8-a0b1-b73da792dbb8"}
[info] 
   Thank you for trying our early preview of Next.js support on Firebase Hosting.
   During the preview, support is best-effort and breaking changes can be expected. Proceed with caution.
   The integration is known to work with Next.js version 12 - 14.0. You may encounter errors.

   Documentation: https://firebase.google.com/docs/hosting/frameworks/nextjs
   File a bug: https://github.com/firebase/firebase-tools/issues/new?template=bug_report.md
   Submit a feature request: https://github.com/firebase/firebase-tools/issues/new?template=feature_request.md

   We'd love to learn from you. Express your interest in helping us shape the future of Firebase Hosting: https://goo.gle/41enW5X

[debug] [2024-09-26T22:11:55.442Z] >>> [apiv2][query] GET https://firebasehosting.googleapis.com/v1beta1/projects/portfolio-nextjs-f71e3/sites/portfolio-nextjs-f71e3 [none]
[debug] [2024-09-26T22:11:55.762Z] <<< [apiv2][status] GET https://firebasehosting.googleapis.com/v1beta1/projects/portfolio-nextjs-f71e3/sites/portfolio-nextjs-f71e3 200
[debug] [2024-09-26T22:11:55.762Z] <<< [apiv2][body] GET https://firebasehosting.googleapis.com/v1beta1/projects/portfolio-nextjs-f71e3/sites/portfolio-nextjs-f71e3 {"name":"projects/portfolio-nextjs-f71e3/sites/portfolio-nextjs-f71e3","defaultUrl":"https://portfolio-nextjs-f71e3.web.app","type":"DEFAULT_SITE"}
[info]   ▲ Next.js 14.2.3

[info] 

[info] 

[info] > Build error occurred

[info] Error: EACCES: permission denied, unlink '/Users/erickpinedo/Documents/GitHub/Portfolio-nextjs/portfolio-nextjs/.next/server/app-paths-manifest.json'
    at async Object.unlink (node:internal/fs/promises:1063:10)
    at async unlinkPath (/Users/erickpinedo/Documents/GitHub/Portfolio-nextjs/portfolio-nextjs/node_modules/next/dist/lib/recursive-delete.js:25:13)
    at async Promise.all (index 1)
    at async recursiveDelete (/Users/erickpinedo/Documents/GitHub/Portfolio-nextjs/portfolio-nextjs/node_modules/next/dist/lib/recursive-delete.js:51:5)
    at async /Users/erickpinedo/Documents/GitHub/Portfolio-nextjs/portfolio-nextjs/node_modules/next/dist/lib/recursive-delete.js:68:17
    at async Promise.all (index 1)
    at async recursiveDelete (/Users/erickpinedo/Documents/GitHub/Portfolio-nextjs/portfolio-nextjs/node_modules/next/dist/lib/recursive-delete.js:51:5)
    at async /Users/erickpinedo/Documents/GitHub/Portfolio-nextjs/portfolio-nextjs/node_modules/next/dist/build/index.js:692:17
    at async Span.traceAsyncFn (/Users/erickpinedo/Documents/GitHub/Portfolio-nextjs/portfolio-nextjs/node_modules/next/dist/trace/trace.js:154:20)
    at async build (/Users/erickpinedo/Documents/GitHub/Portfolio-nextjs/portfolio-nextjs/node_modules/next/dist/build/index.js:366:9) {
  errno: -13,
  code: 'EACCES',
  syscall: 'unlink',
  path: '/Users/erickpinedo/Documents/GitHub/Portfolio-nextjs/portfolio-nextjs/.next/server/app-paths-manifest.json'
}

[debug] [2024-09-26T22:11:56.606Z] Error: ENOENT: no such file or directory, open '/Users/erickpinedo/Documents/GitHub/Portfolio-nextjs/portfolio-nextjs/.next/export-marker.json'
[error] 
[error] Error: An unexpected error has occurred.
